2020-11-26 19:23:13,600:INFO:PyCaret Supervised Module
2020-11-26 19:23:13,600:INFO:ML Usecase: classification
2020-11-26 19:23:13,600:INFO:version 2.2.1
2020-11-26 19:23:13,600:INFO:Initializing setup()
2020-11-26 19:23:13,601:INFO:setup(target=target, ml_usecase=classification, available_plots={'parameter': 'Hyperparameters', 'auc': 'AUC', 'confusion_matrix': 'Confusion Matrix', 'threshold': 'Threshold', 'pr': 'Precision Recall', 'error': 'Prediction Error', 'class_report': 'Class Report', 'rfe': 'Feature Selection', 'learning': 'Learning Curve', 'manifold': 'Manifold Learning', 'calibration': 'Calibration Curve', 'vc': 'Validation Curve', 'dimension': 'Dimensions', 'feature': 'Feature Importance', 'feature_all': 'Feature Importance (All)', 'boundary': 'Decision Boundary', 'lift': 'Lift Chart', 'gain': 'Gain Chart', 'tree': 'Decision Tree'}, train_size=0.7, test_data=None, preprocess=True, imputation_type=simple, iterative_imputation_iters=5, categorical_features=None, categorical_imputation=constant, categorical_iterative_imputer=lightgbm, ordinal_features=None, high_cardinality_features=None, high_cardinality_method=frequency, numeric_features=None, numeric_imputation=mean, numeric_iterative_imputer=lightgbm, date_features=None, ignore_features=None, normalize=False, normalize_method=zscore, transformation=False, transformation_method=yeo-johnson, handle_unknown_categorical=True, unknown_categorical_method=least_frequent, pca=False, pca_method=linear, pca_components=None, ignore_low_variance=False, combine_rare_levels=False, rare_level_threshold=0.1, bin_numeric_features=None, remove_outliers=False, outliers_threshold=0.05, remove_multicollinearity=False, multicollinearity_threshold=0.9, remove_perfect_collinearity=True, create_clusters=False, cluster_iter=20, polynomial_features=False, polynomial_degree=2, trigonometry_features=False, polynomial_threshold=0.1, group_features=None, group_names=None, feature_selection=False, feature_selection_threshold=0.8, feature_selection_method=classic, feature_interaction=False, feature_ratio=False, interaction_threshold=0.01, fix_imbalance=False, fix_imbalance_method=None, transform_target=False, transform_target_method=box-cox, data_split_shuffle=True, data_split_stratify=False, fold_strategy=stratifiedkfold, fold=10, fold_shuffle=False, fold_groups=None, n_jobs=-1, use_gpu=False, custom_pipeline=None, html=True, session_id=123, log_experiment=False, experiment_name=None, log_plots=False, log_profile=False, log_data=False, silent=False, verbose=True, profile=False, profile_kwargs=None, display=None)
2020-11-26 19:23:13,602:INFO:Checking environment
2020-11-26 19:23:13,602:INFO:python_version: 3.8.3
2020-11-26 19:23:13,602:INFO:python_build: ('default', 'Jul  2 2020 17:30:36')
2020-11-26 19:23:13,602:INFO:machine: AMD64
2020-11-26 19:23:13,602:INFO:platform: Windows-10-10.0.20190-SP0
2020-11-26 19:23:13,602:INFO:Memory: svmem(total=8429203456, available=3416653824, percent=59.5, used=5012549632, free=3416653824)
2020-11-26 19:23:13,602:INFO:Physical Core: 6
2020-11-26 19:23:13,602:INFO:Logical Core: 12
2020-11-26 19:23:13,602:INFO:Checking libraries
2020-11-26 19:23:13,602:INFO:pd==1.0.5
2020-11-26 19:23:13,602:INFO:numpy==1.18.5
2020-11-26 19:23:13,602:INFO:sklearn==0.23.2
2020-11-26 19:23:17,820:INFO:xgboost==1.2.0
2020-11-26 19:23:17,820:INFO:lightgbm==3.0.0
2020-11-26 19:23:18,949:INFO:catboost==0.24.1
2020-11-26 19:23:23,721:INFO:mlflow==1.11.0
2020-11-26 19:23:23,721:INFO:Checking Exceptions
2020-11-26 19:23:23,721:INFO:Declaring global variables
2020-11-26 19:23:23,721:INFO:USI: e1d8
2020-11-26 19:23:23,721:INFO:pycaret_globals: {'y_test', 'prep_pipe', 'experiment__', 'imputation_classifier', 'log_plots_param', 'fold_generator', 'logging_param', 'exp_name_log', 'fold_groups_param', 'n_jobs_param', '_all_models_internal', 'transform_target_param', 'X_test', '_gpu_n_jobs_param', 'gpu_param', '_available_plots', 'data_before_preprocess', 'X', 'y', 'display_container', 'pycaret_globals', 'fix_imbalance_method_param', 'master_model_container', 'create_model_container', 'fold_param', 'X_train', '_all_models', 'target_param', 'html_param', 'transform_target_method_param', 'seed', 'fold_shuffle_param', 'imputation_regressor', 'fix_imbalance_param', 'y_train', '_internal_pipeline', '_all_metrics', 'stratify_param', 'USI', '_ml_usecase', 'iterative_imputation_iters_param'}
2020-11-26 19:23:23,721:INFO:Preparing display monitor
2020-11-26 19:23:23,721:INFO:Preparing display monitor
2020-11-26 19:23:23,734:INFO:Importing libraries
2020-11-26 19:23:23,735:INFO:Copying data for preprocessing
2020-11-26 19:23:23,746:INFO:Declaring preprocessing parameters
2020-11-26 19:23:23,783:INFO:Creating preprocessing pipeline
2020-11-26 19:23:23,941:INFO:Preprocessing pipeline created successfully
2020-11-26 19:23:23,941:ERROR:(Process Exit): setup has been interupted with user command 'quit'. setup must rerun.
2020-11-26 19:23:23,941:INFO:Creating global containers
2020-11-26 19:23:23,956:INFO:Internal pipeline: Pipeline(memory=None, steps=[('empty_step', 'passthrough')], verbose=False)
2020-11-26 19:24:00,397:INFO:Creating grid variables
2020-11-26 19:24:00,471:INFO:create_model_container: 0
2020-11-26 19:24:00,471:INFO:master_model_container: 0
2020-11-26 19:24:00,471:INFO:display_container: 0
2020-11-26 19:24:00,475:INFO:Pipeline(memory=None,
         steps=[('dtypes',
                 DataTypes_Auto_infer(categorical_features=[],
                                      display_types=True, features_todrop=[],
                                      id_columns=[],
                                      ml_usecase='classification',
                                      numerical_features=[], target='target',
                                      time_features=[])),
                ('imputer',
                 Simple_Imputer(categorical_strategy='not_available',
                                fill_value_categorical=None,
                                fill_value_numerical=None,
                                numeric_strat...
                ('scaling', 'passthrough'), ('P_transform', 'passthrough'),
                ('binn', 'passthrough'), ('rem_outliers', 'passthrough'),
                ('cluster_all', 'passthrough'),
                ('dummy', Dummify(target='target')),
                ('fix_perfect', Remove_100(target='target')),
                ('clean_names', Clean_Colum_Names()),
                ('feature_select', 'passthrough'), ('fix_multi', 'passthrough'),
                ('dfs', 'passthrough'), ('pca', 'passthrough')],
         verbose=False)
2020-11-26 19:24:00,475:INFO:setup() succesfully completed......................................
2020-11-26 19:24:00,561:INFO:Initializing compare_models()
2020-11-26 19:24:00,562:INFO:compare_models(include=None, fold=None, round=4, cross_validation=True, sort=Accuracy, n_select=1, budget_time=None, turbo=True, errors=ignore, fit_kwargs=None, groups=None, verbose=True, display=None, exclude=None)
2020-11-26 19:24:00,562:INFO:Checking exceptions
2020-11-26 19:24:00,564:INFO:Preparing display monitor
2020-11-26 19:24:00,564:INFO:Preparing display monitor
2020-11-26 19:24:00,598:INFO:Initializing Logistic Regression
2020-11-26 19:24:00,598:INFO:Total runtime is 0.0 minutes
2020-11-26 19:24:00,606:INFO:SubProcess create_model() called ==================================
2020-11-26 19:24:00,607:INFO:Initializing create_model()
2020-11-26 19:24:00,607:INFO:create_model(estimator=lr, fold=StratifiedKFold(n_splits=10, random_state=123, shuffle=False), round=4, cross_validation=True, predict=True, fit_kwargs={}, groups=None, refit=False, verbose=False, system=False, metrics=None, display=<pycaret.internal.Display.Display object at 0x000001DF4AD72070>, kwargs={})
2020-11-26 19:24:00,607:INFO:Checking exceptions
2020-11-26 19:24:00,607:INFO:Importing libraries
2020-11-26 19:24:00,607:INFO:Copying training dataset
2020-11-26 19:24:00,610:INFO:Defining folds
2020-11-26 19:24:00,611:INFO:Declaring metric variables
2020-11-26 19:24:00,620:INFO:Importing untrained model
2020-11-26 19:24:00,628:INFO:Logistic Regression Imported succesfully
2020-11-26 19:24:00,645:INFO:Starting cross validation
2020-11-26 19:24:00,646:INFO:Cross validating with StratifiedKFold(n_splits=10, random_state=123, shuffle=False), n_jobs=-1
2020-11-26 19:24:16,929:INFO:Calculating mean and std
2020-11-26 19:24:16,931:INFO:Creating metrics dataframe
2020-11-26 19:24:16,942:INFO:Uploading results into container
2020-11-26 19:24:16,942:INFO:Uploading model into container now
2020-11-26 19:24:16,942:INFO:create_model_container: 1
2020-11-26 19:24:16,943:INFO:master_model_container: 1
2020-11-26 19:24:16,943:INFO:display_container: 1
2020-11-26 19:24:16,943:INFO:LogisticRegression(C=1.0, class_weight=None, dual=False, fit_intercept=True,
                   intercept_scaling=1, l1_ratio=None, max_iter=1000,
                   multi_class='auto', n_jobs=None, penalty='l2',
                   random_state=123, solver='lbfgs', tol=0.0001, verbose=0,
                   warm_start=False)
2020-11-26 19:24:16,943:INFO:create_model() succesfully completed......................................
2020-11-26 19:24:17,021:INFO:SubProcess create_model() end ==================================
2020-11-26 19:24:17,021:INFO:Creating metrics dataframe
2020-11-26 19:24:17,064:INFO:Initializing K Neighbors Classifier
2020-11-26 19:24:17,064:INFO:Total runtime is 0.27442730267842613 minutes
2020-11-26 19:24:17,073:INFO:SubProcess create_model() called ==================================
2020-11-26 19:24:17,073:INFO:Initializing create_model()
2020-11-26 19:24:17,073:INFO:create_model(estimator=knn, fold=StratifiedKFold(n_splits=10, random_state=123, shuffle=False), round=4, cross_validation=True, predict=True, fit_kwargs={}, groups=None, refit=False, verbose=False, system=False, metrics=None, display=<pycaret.internal.Display.Display object at 0x000001DF4AD72070>, kwargs={})
2020-11-26 19:24:17,074:INFO:Checking exceptions
2020-11-26 19:24:17,074:INFO:Importing libraries
2020-11-26 19:24:17,074:INFO:Copying training dataset
2020-11-26 19:24:17,076:INFO:Defining folds
2020-11-26 19:24:17,076:INFO:Declaring metric variables
2020-11-26 19:24:17,084:INFO:Importing untrained model
2020-11-26 19:24:17,092:INFO:K Neighbors Classifier Imported succesfully
2020-11-26 19:24:17,115:INFO:Starting cross validation
2020-11-26 19:24:17,116:INFO:Cross validating with StratifiedKFold(n_splits=10, random_state=123, shuffle=False), n_jobs=-1
2020-11-26 19:24:21,557:INFO:Calculating mean and std
2020-11-26 19:24:21,558:INFO:Creating metrics dataframe
2020-11-26 19:24:21,562:INFO:Uploading results into container
2020-11-26 19:24:21,563:INFO:Uploading model into container now
2020-11-26 19:24:21,563:INFO:create_model_container: 2
2020-11-26 19:24:21,563:INFO:master_model_container: 2
2020-11-26 19:24:21,563:INFO:display_container: 1
2020-11-26 19:24:21,564:INFO:KNeighborsClassifier(algorithm='auto', leaf_size=30, metric='minkowski',
                     metric_params=None, n_jobs=-1, n_neighbors=5, p=2,
                     weights='uniform')
2020-11-26 19:24:21,564:INFO:create_model() succesfully completed......................................
2020-11-26 19:24:21,639:INFO:SubProcess create_model() end ==================================
2020-11-26 19:24:21,639:INFO:Creating metrics dataframe
2020-11-26 19:24:21,654:INFO:Initializing Naive Bayes
2020-11-26 19:24:21,654:INFO:Total runtime is 0.3509272297223409 minutes
2020-11-26 19:24:21,661:INFO:SubProcess create_model() called ==================================
2020-11-26 19:24:21,661:INFO:Initializing create_model()
2020-11-26 19:24:21,662:INFO:create_model(estimator=nb, fold=StratifiedKFold(n_splits=10, random_state=123, shuffle=False), round=4, cross_validation=True, predict=True, fit_kwargs={}, groups=None, refit=False, verbose=False, system=False, metrics=None, display=<pycaret.internal.Display.Display object at 0x000001DF4AD72070>, kwargs={})
2020-11-26 19:24:21,662:INFO:Checking exceptions
2020-11-26 19:24:21,662:INFO:Importing libraries
2020-11-26 19:24:21,662:INFO:Copying training dataset
2020-11-26 19:24:21,664:INFO:Defining folds
2020-11-26 19:24:21,664:INFO:Declaring metric variables
2020-11-26 19:24:21,671:INFO:Importing untrained model
2020-11-26 19:24:21,683:INFO:Naive Bayes Imported succesfully
2020-11-26 19:24:21,701:INFO:Starting cross validation
2020-11-26 19:24:21,702:INFO:Cross validating with StratifiedKFold(n_splits=10, random_state=123, shuffle=False), n_jobs=-1
2020-11-26 19:24:21,953:INFO:Calculating mean and std
2020-11-26 19:24:21,956:INFO:Creating metrics dataframe
2020-11-26 19:24:21,968:INFO:Uploading results into container
2020-11-26 19:24:21,969:INFO:Uploading model into container now
2020-11-26 19:24:21,969:INFO:create_model_container: 3
2020-11-26 19:24:21,969:INFO:master_model_container: 3
2020-11-26 19:24:21,969:INFO:display_container: 1
2020-11-26 19:24:21,970:INFO:GaussianNB(priors=None, var_smoothing=1e-09)
2020-11-26 19:24:21,970:INFO:create_model() succesfully completed......................................
2020-11-26 19:24:22,042:INFO:SubProcess create_model() end ==================================
2020-11-26 19:24:22,042:INFO:Creating metrics dataframe
2020-11-26 19:24:22,061:INFO:Initializing Decision Tree Classifier
2020-11-26 19:24:22,061:INFO:Total runtime is 0.3577097574869792 minutes
2020-11-26 19:24:22,071:INFO:SubProcess create_model() called ==================================
2020-11-26 19:24:22,071:INFO:Initializing create_model()
2020-11-26 19:24:22,071:INFO:create_model(estimator=dt, fold=StratifiedKFold(n_splits=10, random_state=123, shuffle=False), round=4, cross_validation=True, predict=True, fit_kwargs={}, groups=None, refit=False, verbose=False, system=False, metrics=None, display=<pycaret.internal.Display.Display object at 0x000001DF4AD72070>, kwargs={})
2020-11-26 19:24:22,071:INFO:Checking exceptions
2020-11-26 19:24:22,071:INFO:Importing libraries
2020-11-26 19:24:22,071:INFO:Copying training dataset
2020-11-26 19:24:22,074:INFO:Defining folds
2020-11-26 19:24:22,074:INFO:Declaring metric variables
2020-11-26 19:24:22,084:INFO:Importing untrained model
2020-11-26 19:24:22,093:INFO:Decision Tree Classifier Imported succesfully
2020-11-26 19:24:22,116:INFO:Starting cross validation
2020-11-26 19:24:22,116:INFO:Cross validating with StratifiedKFold(n_splits=10, random_state=123, shuffle=False), n_jobs=-1
2020-11-26 19:24:22,647:INFO:Calculating mean and std
2020-11-26 19:24:22,650:INFO:Creating metrics dataframe
2020-11-26 19:24:22,663:INFO:Uploading results into container
2020-11-26 19:24:22,664:INFO:Uploading model into container now
2020-11-26 19:24:22,664:INFO:create_model_container: 4
2020-11-26 19:24:22,664:INFO:master_model_container: 4
2020-11-26 19:24:22,664:INFO:display_container: 1
2020-11-26 19:24:22,666:INFO:DecisionTreeClassifier(ccp_alpha=0.0, class_weight=None, criterion='gini',
                       max_depth=None, max_features=None, max_leaf_nodes=None,
                       min_impurity_decrease=0.0, min_impurity_split=None,
                       min_samples_leaf=1, min_samples_split=2,
                       min_weight_fraction_leaf=0.0, presort='deprecated',
                       random_state=123, splitter='best')
2020-11-26 19:24:22,666:INFO:create_model() succesfully completed......................................
2020-11-26 19:24:22,742:INFO:SubProcess create_model() end ==================================
2020-11-26 19:24:22,742:INFO:Creating metrics dataframe
2020-11-26 19:24:22,767:INFO:Initializing SVM - Linear Kernel
2020-11-26 19:24:22,767:INFO:Total runtime is 0.3694808204968771 minutes
2020-11-26 19:24:22,776:INFO:SubProcess create_model() called ==================================
2020-11-26 19:24:22,777:INFO:Initializing create_model()
2020-11-26 19:24:22,777:INFO:create_model(estimator=svm, fold=StratifiedKFold(n_splits=10, random_state=123, shuffle=False), round=4, cross_validation=True, predict=True, fit_kwargs={}, groups=None, refit=False, verbose=False, system=False, metrics=None, display=<pycaret.internal.Display.Display object at 0x000001DF4AD72070>, kwargs={})
2020-11-26 19:24:22,777:INFO:Checking exceptions
2020-11-26 19:24:22,777:INFO:Importing libraries
2020-11-26 19:24:22,777:INFO:Copying training dataset
2020-11-26 19:24:22,779:INFO:Defining folds
2020-11-26 19:24:22,780:INFO:Declaring metric variables
2020-11-26 19:24:22,787:INFO:Importing untrained model
2020-11-26 19:24:22,798:INFO:SVM - Linear Kernel Imported succesfully
2020-11-26 19:24:22,816:INFO:Starting cross validation
2020-11-26 19:24:22,816:INFO:Cross validating with StratifiedKFold(n_splits=10, random_state=123, shuffle=False), n_jobs=-1
2020-11-26 19:24:25,034:INFO:Calculating mean and std
2020-11-26 19:24:25,037:INFO:Creating metrics dataframe
2020-11-26 19:24:25,051:INFO:Uploading results into container
2020-11-26 19:24:25,051:INFO:Uploading model into container now
2020-11-26 19:24:25,051:INFO:create_model_container: 5
2020-11-26 19:24:25,052:INFO:master_model_container: 5
2020-11-26 19:24:25,052:INFO:display_container: 1
2020-11-26 19:24:25,053:INFO:SGDClassifier(alpha=0.0001, average=False, class_weight=None,
              early_stopping=False, epsilon=0.1, eta0=0.001, fit_intercept=True,
              l1_ratio=0.15, learning_rate='optimal', loss='hinge',
              max_iter=1000, n_iter_no_change=5, n_jobs=-1, penalty='l2',
              power_t=0.5, random_state=123, shuffle=True, tol=0.001,
              validation_fraction=0.1, verbose=0, warm_start=False)
2020-11-26 19:24:25,054:INFO:create_model() succesfully completed......................................
2020-11-26 19:24:25,130:INFO:SubProcess create_model() end ==================================
2020-11-26 19:24:25,130:INFO:Creating metrics dataframe
2020-11-26 19:24:25,155:INFO:Initializing Ridge Classifier
2020-11-26 19:24:25,156:INFO:Total runtime is 0.40929935375849413 minutes
2020-11-26 19:24:25,167:INFO:SubProcess create_model() called ==================================
2020-11-26 19:24:25,167:INFO:Initializing create_model()
2020-11-26 19:24:25,167:INFO:create_model(estimator=ridge, fold=StratifiedKFold(n_splits=10, random_state=123, shuffle=False), round=4, cross_validation=True, predict=True, fit_kwargs={}, groups=None, refit=False, verbose=False, system=False, metrics=None, display=<pycaret.internal.Display.Display object at 0x000001DF4AD72070>, kwargs={})
2020-11-26 19:24:25,168:INFO:Checking exceptions
2020-11-26 19:24:25,168:INFO:Importing libraries
2020-11-26 19:24:25,168:INFO:Copying training dataset
2020-11-26 19:24:25,169:INFO:Defining folds
2020-11-26 19:24:25,170:INFO:Declaring metric variables
2020-11-26 19:24:25,177:INFO:Importing untrained model
2020-11-26 19:24:25,185:INFO:Ridge Classifier Imported succesfully
2020-11-26 19:24:25,209:INFO:Starting cross validation
2020-11-26 19:24:25,210:INFO:Cross validating with StratifiedKFold(n_splits=10, random_state=123, shuffle=False), n_jobs=-1
2020-11-26 19:24:25,678:INFO:Calculating mean and std
2020-11-26 19:24:25,681:INFO:Creating metrics dataframe
2020-11-26 19:24:25,695:INFO:Uploading results into container
2020-11-26 19:24:25,695:INFO:Uploading model into container now
2020-11-26 19:24:25,696:INFO:create_model_container: 6
2020-11-26 19:24:25,696:INFO:master_model_container: 6
2020-11-26 19:24:25,696:INFO:display_container: 1
2020-11-26 19:24:25,697:INFO:RidgeClassifier(alpha=1.0, class_weight=None, copy_X=True, fit_intercept=True,
                max_iter=None, normalize=False, random_state=123, solver='auto',
                tol=0.001)
2020-11-26 19:24:25,697:INFO:create_model() succesfully completed......................................
2020-11-26 19:24:25,772:INFO:SubProcess create_model() end ==================================
2020-11-26 19:24:25,772:INFO:Creating metrics dataframe
2020-11-26 19:24:25,799:INFO:Initializing Random Forest Classifier
2020-11-26 19:24:25,799:INFO:Total runtime is 0.4200179100036622 minutes
2020-11-26 19:24:25,807:INFO:SubProcess create_model() called ==================================
2020-11-26 19:24:25,807:INFO:Initializing create_model()
2020-11-26 19:24:25,807:INFO:create_model(estimator=rf, fold=StratifiedKFold(n_splits=10, random_state=123, shuffle=False), round=4, cross_validation=True, predict=True, fit_kwargs={}, groups=None, refit=False, verbose=False, system=False, metrics=None, display=<pycaret.internal.Display.Display object at 0x000001DF4AD72070>, kwargs={})
2020-11-26 19:24:25,807:INFO:Checking exceptions
2020-11-26 19:24:25,807:INFO:Importing libraries
2020-11-26 19:24:25,808:INFO:Copying training dataset
2020-11-26 19:24:25,810:INFO:Defining folds
2020-11-26 19:24:25,811:INFO:Declaring metric variables
2020-11-26 19:24:25,818:INFO:Importing untrained model
2020-11-26 19:24:25,827:INFO:Random Forest Classifier Imported succesfully
2020-11-26 19:24:25,846:INFO:Starting cross validation
2020-11-26 19:24:25,847:INFO:Cross validating with StratifiedKFold(n_splits=10, random_state=123, shuffle=False), n_jobs=-1
2020-11-26 19:24:30,971:INFO:Calculating mean and std
2020-11-26 19:24:30,974:INFO:Creating metrics dataframe
2020-11-26 19:24:30,984:INFO:Uploading results into container
2020-11-26 19:24:30,984:INFO:Uploading model into container now
2020-11-26 19:24:30,984:INFO:create_model_container: 7
2020-11-26 19:24:30,985:INFO:master_model_container: 7
2020-11-26 19:24:30,985:INFO:display_container: 1
2020-11-26 19:24:30,986:INFO:RandomForestClassifier(bootstrap=True, ccp_alpha=0.0, class_weight=None,
                       criterion='gini', max_depth=None, max_features='auto',
                       max_leaf_nodes=None, max_samples=None,
                       min_impurity_decrease=0.0, min_impurity_split=None,
                       min_samples_leaf=1, min_samples_split=2,
                       min_weight_fraction_leaf=0.0, n_estimators=100,
                       n_jobs=-1, oob_score=False, random_state=123, verbose=0,
                       warm_start=False)
2020-11-26 19:24:30,986:INFO:create_model() succesfully completed......................................
2020-11-26 19:24:31,075:INFO:SubProcess create_model() end ==================================
2020-11-26 19:24:31,075:INFO:Creating metrics dataframe
2020-11-26 19:24:31,109:INFO:Initializing Quadratic Discriminant Analysis
2020-11-26 19:24:31,109:INFO:Total runtime is 0.50850487947464 minutes
2020-11-26 19:24:31,118:INFO:SubProcess create_model() called ==================================
2020-11-26 19:24:31,119:INFO:Initializing create_model()
2020-11-26 19:24:31,119:INFO:create_model(estimator=qda, fold=StratifiedKFold(n_splits=10, random_state=123, shuffle=False), round=4, cross_validation=True, predict=True, fit_kwargs={}, groups=None, refit=False, verbose=False, system=False, metrics=None, display=<pycaret.internal.Display.Display object at 0x000001DF4AD72070>, kwargs={})
2020-11-26 19:24:31,119:INFO:Checking exceptions
2020-11-26 19:24:31,119:INFO:Importing libraries
2020-11-26 19:24:31,119:INFO:Copying training dataset
2020-11-26 19:24:31,121:INFO:Defining folds
2020-11-26 19:24:31,121:INFO:Declaring metric variables
2020-11-26 19:24:31,130:INFO:Importing untrained model
2020-11-26 19:24:31,144:INFO:Quadratic Discriminant Analysis Imported succesfully
2020-11-26 19:24:31,164:INFO:Starting cross validation
2020-11-26 19:24:31,165:INFO:Cross validating with StratifiedKFold(n_splits=10, random_state=123, shuffle=False), n_jobs=-1
2020-11-26 19:24:31,617:INFO:Calculating mean and std
2020-11-26 19:24:31,619:INFO:Creating metrics dataframe
2020-11-26 19:24:31,630:INFO:Uploading results into container
2020-11-26 19:24:31,630:INFO:Uploading model into container now
2020-11-26 19:24:31,631:INFO:create_model_container: 8
2020-11-26 19:24:31,631:INFO:master_model_container: 8
2020-11-26 19:24:31,631:INFO:display_container: 1
2020-11-26 19:24:31,632:INFO:QuadraticDiscriminantAnalysis(priors=None, reg_param=0.0,
                              store_covariance=False, tol=0.0001)
2020-11-26 19:24:31,632:INFO:create_model() succesfully completed......................................
2020-11-26 19:24:31,712:INFO:SubProcess create_model() end ==================================
2020-11-26 19:24:31,712:INFO:Creating metrics dataframe
2020-11-26 19:24:31,745:INFO:Initializing Ada Boost Classifier
2020-11-26 19:24:31,746:INFO:Total runtime is 0.5191289265950522 minutes
2020-11-26 19:24:31,754:INFO:SubProcess create_model() called ==================================
2020-11-26 19:24:31,755:INFO:Initializing create_model()
2020-11-26 19:24:31,755:INFO:create_model(estimator=ada, fold=StratifiedKFold(n_splits=10, random_state=123, shuffle=False), round=4, cross_validation=True, predict=True, fit_kwargs={}, groups=None, refit=False, verbose=False, system=False, metrics=None, display=<pycaret.internal.Display.Display object at 0x000001DF4AD72070>, kwargs={})
2020-11-26 19:24:31,755:INFO:Checking exceptions
2020-11-26 19:24:31,755:INFO:Importing libraries
2020-11-26 19:24:31,755:INFO:Copying training dataset
2020-11-26 19:24:31,757:INFO:Defining folds
2020-11-26 19:24:31,757:INFO:Declaring metric variables
2020-11-26 19:24:31,767:INFO:Importing untrained model
2020-11-26 19:24:31,778:INFO:Ada Boost Classifier Imported succesfully
2020-11-26 19:24:31,798:INFO:Starting cross validation
2020-11-26 19:24:31,799:INFO:Cross validating with StratifiedKFold(n_splits=10, random_state=123, shuffle=False), n_jobs=-1
2020-11-26 19:24:34,076:INFO:Calculating mean and std
2020-11-26 19:24:34,079:INFO:Creating metrics dataframe
2020-11-26 19:24:34,093:INFO:Uploading results into container
2020-11-26 19:24:34,093:INFO:Uploading model into container now
2020-11-26 19:24:34,094:INFO:create_model_container: 9
2020-11-26 19:24:34,094:INFO:master_model_container: 9
2020-11-26 19:24:34,094:INFO:display_container: 1
2020-11-26 19:24:34,095:INFO:AdaBoostClassifier(algorithm='SAMME.R', base_estimator=None, learning_rate=1.0,
                   n_estimators=50, random_state=123)
2020-11-26 19:24:34,095:INFO:create_model() succesfully completed......................................
2020-11-26 19:24:34,167:INFO:SubProcess create_model() end ==================================
2020-11-26 19:24:34,167:INFO:Creating metrics dataframe
2020-11-26 19:24:34,203:INFO:Initializing Gradient Boosting Classifier
2020-11-26 19:24:34,203:INFO:Total runtime is 0.5600852767626445 minutes
2020-11-26 19:24:34,211:INFO:SubProcess create_model() called ==================================
2020-11-26 19:24:34,211:INFO:Initializing create_model()
2020-11-26 19:24:34,211:INFO:create_model(estimator=gbc, fold=StratifiedKFold(n_splits=10, random_state=123, shuffle=False), round=4, cross_validation=True, predict=True, fit_kwargs={}, groups=None, refit=False, verbose=False, system=False, metrics=None, display=<pycaret.internal.Display.Display object at 0x000001DF4AD72070>, kwargs={})
2020-11-26 19:24:34,211:INFO:Checking exceptions
2020-11-26 19:24:34,211:INFO:Importing libraries
2020-11-26 19:24:34,211:INFO:Copying training dataset
2020-11-26 19:24:34,213:INFO:Defining folds
2020-11-26 19:24:34,213:INFO:Declaring metric variables
2020-11-26 19:24:34,220:INFO:Importing untrained model
2020-11-26 19:24:34,227:INFO:Gradient Boosting Classifier Imported succesfully
2020-11-26 19:24:34,248:INFO:Starting cross validation
2020-11-26 19:24:34,249:INFO:Cross validating with StratifiedKFold(n_splits=10, random_state=123, shuffle=False), n_jobs=-1
2020-11-26 19:24:45,374:INFO:Calculating mean and std
2020-11-26 19:24:45,376:INFO:Creating metrics dataframe
2020-11-26 19:24:45,387:INFO:Uploading results into container
2020-11-26 19:24:45,387:INFO:Uploading model into container now
2020-11-26 19:24:45,388:INFO:create_model_container: 10
2020-11-26 19:24:45,388:INFO:master_model_container: 10
2020-11-26 19:24:45,388:INFO:display_container: 1
2020-11-26 19:24:45,390:INFO:GradientBoostingClassifier(ccp_alpha=0.0, criterion='friedman_mse', init=None,
                           learning_rate=0.1, loss='deviance', max_depth=3,
                           max_features=None, max_leaf_nodes=None,
                           min_impurity_decrease=0.0, min_impurity_split=None,
                           min_samples_leaf=1, min_samples_split=2,
                           min_weight_fraction_leaf=0.0, n_estimators=100,
                           n_iter_no_change=None, presort='deprecated',
                           random_state=123, subsample=1.0, tol=0.0001,
                           validation_fraction=0.1, verbose=0,
                           warm_start=False)
2020-11-26 19:24:45,390:INFO:create_model() succesfully completed......................................
2020-11-26 19:24:45,469:INFO:SubProcess create_model() end ==================================
2020-11-26 19:24:45,470:INFO:Creating metrics dataframe
2020-11-26 19:24:45,507:INFO:Initializing Linear Discriminant Analysis
2020-11-26 19:24:45,507:INFO:Total runtime is 0.7484708309173584 minutes
2020-11-26 19:24:45,515:INFO:SubProcess create_model() called ==================================
2020-11-26 19:24:45,515:INFO:Initializing create_model()
2020-11-26 19:24:45,515:INFO:create_model(estimator=lda, fold=StratifiedKFold(n_splits=10, random_state=123, shuffle=False), round=4, cross_validation=True, predict=True, fit_kwargs={}, groups=None, refit=False, verbose=False, system=False, metrics=None, display=<pycaret.internal.Display.Display object at 0x000001DF4AD72070>, kwargs={})
2020-11-26 19:24:45,515:INFO:Checking exceptions
2020-11-26 19:24:45,515:INFO:Importing libraries
2020-11-26 19:24:45,515:INFO:Copying training dataset
2020-11-26 19:24:45,517:INFO:Defining folds
2020-11-26 19:24:45,517:INFO:Declaring metric variables
2020-11-26 19:24:45,524:INFO:Importing untrained model
2020-11-26 19:24:45,531:INFO:Linear Discriminant Analysis Imported succesfully
2020-11-26 19:24:45,553:INFO:Starting cross validation
2020-11-26 19:24:45,553:INFO:Cross validating with StratifiedKFold(n_splits=10, random_state=123, shuffle=False), n_jobs=-1
2020-11-26 19:24:46,233:INFO:Calculating mean and std
2020-11-26 19:24:46,236:INFO:Creating metrics dataframe
2020-11-26 19:24:46,249:INFO:Uploading results into container
2020-11-26 19:24:46,250:INFO:Uploading model into container now
2020-11-26 19:24:46,250:INFO:create_model_container: 11
2020-11-26 19:24:46,250:INFO:master_model_container: 11
2020-11-26 19:24:46,250:INFO:display_container: 1
2020-11-26 19:24:46,251:INFO:LinearDiscriminantAnalysis(n_components=None, priors=None, shrinkage=None,
                           solver='svd', store_covariance=False, tol=0.0001)
2020-11-26 19:24:46,251:INFO:create_model() succesfully completed......................................
2020-11-26 19:24:46,330:INFO:SubProcess create_model() end ==================================
2020-11-26 19:24:46,331:INFO:Creating metrics dataframe
2020-11-26 19:24:46,369:INFO:Initializing Extra Trees Classifier
2020-11-26 19:24:46,369:INFO:Total runtime is 0.7628446022669475 minutes
2020-11-26 19:24:46,377:INFO:SubProcess create_model() called ==================================
2020-11-26 19:24:46,378:INFO:Initializing create_model()
2020-11-26 19:24:46,378:INFO:create_model(estimator=et, fold=StratifiedKFold(n_splits=10, random_state=123, shuffle=False), round=4, cross_validation=True, predict=True, fit_kwargs={}, groups=None, refit=False, verbose=False, system=False, metrics=None, display=<pycaret.internal.Display.Display object at 0x000001DF4AD72070>, kwargs={})
2020-11-26 19:24:46,378:INFO:Checking exceptions
2020-11-26 19:24:46,378:INFO:Importing libraries
2020-11-26 19:24:46,378:INFO:Copying training dataset
2020-11-26 19:24:46,380:INFO:Defining folds
2020-11-26 19:24:46,380:INFO:Declaring metric variables
2020-11-26 19:24:46,387:INFO:Importing untrained model
2020-11-26 19:24:46,397:INFO:Extra Trees Classifier Imported succesfully
2020-11-26 19:24:46,416:INFO:Starting cross validation
2020-11-26 19:24:46,416:INFO:Cross validating with StratifiedKFold(n_splits=10, random_state=123, shuffle=False), n_jobs=-1
2020-11-26 19:24:51,178:INFO:Calculating mean and std
2020-11-26 19:24:51,181:INFO:Creating metrics dataframe
2020-11-26 19:24:51,192:INFO:Uploading results into container
2020-11-26 19:24:51,192:INFO:Uploading model into container now
2020-11-26 19:24:51,193:INFO:create_model_container: 12
2020-11-26 19:24:51,193:INFO:master_model_container: 12
2020-11-26 19:24:51,193:INFO:display_container: 1
2020-11-26 19:24:51,194:INFO:ExtraTreesClassifier(bootstrap=False, ccp_alpha=0.0, class_weight=None,
                     criterion='gini', max_depth=None, max_features='auto',
                     max_leaf_nodes=None, max_samples=None,
                     min_impurity_decrease=0.0, min_impurity_split=None,
                     min_samples_leaf=1, min_samples_split=2,
                     min_weight_fraction_leaf=0.0, n_estimators=100, n_jobs=-1,
                     oob_score=False, random_state=123, verbose=0,
                     warm_start=False)
2020-11-26 19:24:51,195:INFO:create_model() succesfully completed......................................
2020-11-26 19:24:51,276:INFO:SubProcess create_model() end ==================================
2020-11-26 19:24:51,276:INFO:Creating metrics dataframe
2020-11-26 19:24:51,324:INFO:Initializing Extreme Gradient Boosting
2020-11-26 19:24:51,324:INFO:Total runtime is 0.845426078637441 minutes
2020-11-26 19:24:51,331:INFO:SubProcess create_model() called ==================================
2020-11-26 19:24:51,332:INFO:Initializing create_model()
2020-11-26 19:24:51,332:INFO:create_model(estimator=xgboost, fold=StratifiedKFold(n_splits=10, random_state=123, shuffle=False), round=4, cross_validation=True, predict=True, fit_kwargs={}, groups=None, refit=False, verbose=False, system=False, metrics=None, display=<pycaret.internal.Display.Display object at 0x000001DF4AD72070>, kwargs={})
2020-11-26 19:24:51,332:INFO:Checking exceptions
2020-11-26 19:24:51,332:INFO:Importing libraries
2020-11-26 19:24:51,332:INFO:Copying training dataset
2020-11-26 19:24:51,334:INFO:Defining folds
2020-11-26 19:24:51,334:INFO:Declaring metric variables
2020-11-26 19:24:51,341:INFO:Importing untrained model
2020-11-26 19:24:51,350:INFO:Extreme Gradient Boosting Imported succesfully
2020-11-26 19:24:51,370:INFO:Starting cross validation
2020-11-26 19:24:51,370:INFO:Cross validating with StratifiedKFold(n_splits=10, random_state=123, shuffle=False), n_jobs=-1
2020-11-26 19:25:04,632:INFO:Calculating mean and std
2020-11-26 19:25:04,636:INFO:Creating metrics dataframe
2020-11-26 19:25:04,651:INFO:Uploading results into container
2020-11-26 19:25:04,651:INFO:Uploading model into container now
2020-11-26 19:25:04,652:INFO:create_model_container: 13
2020-11-26 19:25:04,652:INFO:master_model_container: 13
2020-11-26 19:25:04,653:INFO:display_container: 1
2020-11-26 19:25:04,655:INFO:XGBClassifier(base_score=None, booster='gbtree', colsample_bylevel=None,
              colsample_bynode=None, colsample_bytree=None, gamma=None,
              gpu_id=None, importance_type='gain', interaction_constraints=None,
              learning_rate=None, max_delta_step=None, max_depth=None,
              min_child_weight=None, missing=nan, monotone_constraints=None,
              n_estimators=100, n_jobs=-1, num_parallel_tree=None,
              objective='binary:logistic', random_state=123, reg_alpha=None,
              reg_lambda=None, scale_pos_weight=None, subsample=None,
              tree_method='auto', validate_parameters=None, verbosity=0)
2020-11-26 19:25:04,656:INFO:create_model() succesfully completed......................................
2020-11-26 19:25:04,754:INFO:SubProcess create_model() end ==================================
2020-11-26 19:25:04,755:INFO:Creating metrics dataframe
2020-11-26 19:25:04,795:INFO:Initializing Light Gradient Boosting Machine
2020-11-26 19:25:04,795:INFO:Total runtime is 1.069951597849528 minutes
2020-11-26 19:25:04,804:INFO:SubProcess create_model() called ==================================
2020-11-26 19:25:04,804:INFO:Initializing create_model()
2020-11-26 19:25:04,804:INFO:create_model(estimator=lightgbm, fold=StratifiedKFold(n_splits=10, random_state=123, shuffle=False), round=4, cross_validation=True, predict=True, fit_kwargs={}, groups=None, refit=False, verbose=False, system=False, metrics=None, display=<pycaret.internal.Display.Display object at 0x000001DF4AD72070>, kwargs={})
2020-11-26 19:25:04,805:INFO:Checking exceptions
2020-11-26 19:25:04,805:INFO:Importing libraries
2020-11-26 19:25:04,805:INFO:Copying training dataset
2020-11-26 19:25:04,807:INFO:Defining folds
2020-11-26 19:25:04,807:INFO:Declaring metric variables
2020-11-26 19:25:04,815:INFO:Importing untrained model
2020-11-26 19:25:04,827:INFO:Light Gradient Boosting Machine Imported succesfully
2020-11-26 19:25:04,849:INFO:Starting cross validation
2020-11-26 19:25:04,850:INFO:Cross validating with StratifiedKFold(n_splits=10, random_state=123, shuffle=False), n_jobs=-1
2020-11-26 19:25:07,054:INFO:Calculating mean and std
2020-11-26 19:25:07,058:INFO:Creating metrics dataframe
2020-11-26 19:25:07,071:INFO:Uploading results into container
2020-11-26 19:25:07,072:INFO:Uploading model into container now
2020-11-26 19:25:07,072:INFO:create_model_container: 14
2020-11-26 19:25:07,072:INFO:master_model_container: 14
2020-11-26 19:25:07,072:INFO:display_container: 1
2020-11-26 19:25:07,073:INFO:LGBMClassifier(boosting_type='gbdt', class_weight=None, colsample_bytree=1.0,
               importance_type='split', learning_rate=0.1, max_depth=-1,
               min_child_samples=20, min_child_weight=0.001, min_split_gain=0.0,
               n_estimators=100, n_jobs=-1, num_leaves=31, objective=None,
               random_state=123, reg_alpha=0.0, reg_lambda=0.0, silent=True,
               subsample=1.0, subsample_for_bin=200000, subsample_freq=0)
2020-11-26 19:25:07,073:INFO:create_model() succesfully completed......................................
2020-11-26 19:25:07,157:INFO:SubProcess create_model() end ==================================
2020-11-26 19:25:07,157:INFO:Creating metrics dataframe
2020-11-26 19:25:07,199:INFO:Initializing CatBoost Classifier
2020-11-26 19:25:07,201:INFO:Total runtime is 1.1100369890530903 minutes
2020-11-26 19:25:07,209:INFO:SubProcess create_model() called ==================================
2020-11-26 19:25:07,209:INFO:Initializing create_model()
2020-11-26 19:25:07,209:INFO:create_model(estimator=catboost, fold=StratifiedKFold(n_splits=10, random_state=123, shuffle=False), round=4, cross_validation=True, predict=True, fit_kwargs={}, groups=None, refit=False, verbose=False, system=False, metrics=None, display=<pycaret.internal.Display.Display object at 0x000001DF4AD72070>, kwargs={})
2020-11-26 19:25:07,209:INFO:Checking exceptions
2020-11-26 19:25:07,209:INFO:Importing libraries
2020-11-26 19:25:07,209:INFO:Copying training dataset
2020-11-26 19:25:07,212:INFO:Defining folds
2020-11-26 19:25:07,212:INFO:Declaring metric variables
2020-11-26 19:25:07,219:INFO:Importing untrained model
2020-11-26 19:25:07,228:INFO:CatBoost Classifier Imported succesfully
2020-11-26 19:25:07,247:INFO:Starting cross validation
2020-11-26 19:25:07,247:INFO:Cross validating with StratifiedKFold(n_splits=10, random_state=123, shuffle=False), n_jobs=-1
2020-11-26 19:25:20,615:INFO:Calculating mean and std
2020-11-26 19:25:20,618:INFO:Creating metrics dataframe
2020-11-26 19:25:20,630:INFO:Uploading results into container
2020-11-26 19:25:20,630:INFO:Uploading model into container now
2020-11-26 19:25:20,630:INFO:create_model_container: 15
2020-11-26 19:25:20,631:INFO:master_model_container: 15
2020-11-26 19:25:20,631:INFO:display_container: 1
2020-11-26 19:25:20,631:INFO:<catboost.core.CatBoostClassifier object at 0x000001DF58E76400>
2020-11-26 19:25:20,631:INFO:create_model() succesfully completed......................................
2020-11-26 19:25:20,707:WARNING:create_model() for <catboost.core.CatBoostClassifier object at 0x000001DF58E76400> raised an exception or returned all 0.0, trying without fit_kwargs:
2020-11-26 19:25:20,740:WARNING:Traceback (most recent call last):
  File "D:\anaconda3\lib\site-packages\pycaret\internal\tabular.py", line 2149, in compare_models
    assert np.sum(model_results.iloc[0]) != 0.0
AssertionError

2020-11-26 19:25:20,740:INFO:Initializing create_model()
2020-11-26 19:25:20,740:INFO:create_model(estimator=<catboost.core.CatBoostClassifier object at 0x000001DF58E76400>, fold=StratifiedKFold(n_splits=10, random_state=123, shuffle=False), round=4, cross_validation=True, predict=True, fit_kwargs=None, groups=None, refit=False, verbose=False, system=False, metrics=None, display=<pycaret.internal.Display.Display object at 0x000001DF4AD72070>, kwargs={})
2020-11-26 19:25:20,740:INFO:Checking exceptions
2020-11-26 19:25:20,740:INFO:Importing libraries
2020-11-26 19:25:20,741:INFO:Copying training dataset
2020-11-26 19:25:20,742:INFO:Defining folds
2020-11-26 19:25:20,742:INFO:Declaring metric variables
2020-11-26 19:25:20,749:INFO:Importing untrained model
2020-11-26 19:25:20,750:INFO:Declaring custom model
2020-11-26 19:25:20,759:INFO:CatBoost Classifier Imported succesfully
2020-11-26 19:25:20,778:INFO:Starting cross validation
2020-11-26 19:25:20,779:INFO:Cross validating with StratifiedKFold(n_splits=10, random_state=123, shuffle=False), n_jobs=-1
2020-11-26 19:27:49,441:INFO:Calculating mean and std
2020-11-26 19:27:49,442:INFO:Creating metrics dataframe
2020-11-26 19:27:49,445:INFO:Uploading results into container
2020-11-26 19:27:49,445:INFO:Uploading model into container now
2020-11-26 19:27:49,445:INFO:create_model_container: 16
2020-11-26 19:27:49,445:INFO:master_model_container: 16
2020-11-26 19:27:49,445:INFO:display_container: 1
2020-11-26 19:27:49,445:INFO:<catboost.core.CatBoostClassifier object at 0x000001DF58E6B910>
2020-11-26 19:27:49,445:INFO:create_model() succesfully completed......................................
2020-11-26 19:27:49,515:INFO:SubProcess create_model() end ==================================
2020-11-26 19:27:49,515:INFO:Creating metrics dataframe
2020-11-26 19:27:49,572:INFO:Initializing create_model()
2020-11-26 19:27:49,572:INFO:create_model(estimator=<catboost.core.CatBoostClassifier object at 0x000001DF58E6B910>, fold=StratifiedKFold(n_splits=10, random_state=123, shuffle=False), round=4, cross_validation=False, predict=False, fit_kwargs={}, groups=None, refit=True, verbose=False, system=False, metrics=None, display=None, kwargs={})
2020-11-26 19:27:49,572:INFO:Checking exceptions
2020-11-26 19:27:49,572:INFO:Importing libraries
2020-11-26 19:27:49,572:INFO:Copying training dataset
2020-11-26 19:27:49,574:INFO:Defining folds
2020-11-26 19:27:49,574:INFO:Declaring metric variables
2020-11-26 19:27:49,574:INFO:Importing untrained model
2020-11-26 19:27:49,574:INFO:Declaring custom model
2020-11-26 19:27:49,575:INFO:CatBoost Classifier Imported succesfully
2020-11-26 19:27:49,575:INFO:Cross validation set to False
2020-11-26 19:27:49,575:INFO:Fitting Model
2020-11-26 19:28:01,504:INFO:<catboost.core.CatBoostClassifier object at 0x000001DF58E659A0>
2020-11-26 19:28:01,504:INFO:create_models() succesfully completed......................................
2020-11-26 19:28:01,662:INFO:create_model_container: 16
2020-11-26 19:28:01,663:INFO:master_model_container: 16
2020-11-26 19:28:01,663:INFO:display_container: 1
2020-11-26 19:28:01,663:INFO:<catboost.core.CatBoostClassifier object at 0x000001DF58E659A0>
2020-11-26 19:28:01,663:INFO:compare_models() succesfully completed......................................
2020-11-26 19:28:01,699:INFO:gpu_param set to False
2020-11-26 19:28:01,817:INFO:Initializing create_model()
2020-11-26 19:28:01,817:INFO:create_model(estimator=dt, fold=None, round=4, cross_validation=True, predict=True, fit_kwargs=None, groups=None, refit=True, verbose=True, system=True, metrics=None, display=None, kwargs={})
2020-11-26 19:28:01,817:INFO:Checking exceptions
2020-11-26 19:28:01,818:INFO:Preparing display monitor
2020-11-26 19:28:01,837:INFO:Importing libraries
2020-11-26 19:28:01,838:INFO:Copying training dataset
2020-11-26 19:28:01,840:INFO:Defining folds
2020-11-26 19:28:01,840:INFO:Declaring metric variables
2020-11-26 19:28:01,849:INFO:Importing untrained model
2020-11-26 19:28:01,858:INFO:Decision Tree Classifier Imported succesfully
2020-11-26 19:28:01,876:INFO:Starting cross validation
2020-11-26 19:28:01,876:INFO:Cross validating with StratifiedKFold(n_splits=10, random_state=123, shuffle=False), n_jobs=-1
2020-11-26 19:28:02,383:INFO:Calculating mean and std
2020-11-26 19:28:02,385:INFO:Creating metrics dataframe
2020-11-26 19:28:02,399:INFO:Finalizing model
2020-11-26 19:28:02,566:INFO:Uploading results into container
2020-11-26 19:28:02,566:INFO:Uploading model into container now
2020-11-26 19:28:02,597:INFO:create_model_container: 17
2020-11-26 19:28:02,597:INFO:master_model_container: 17
2020-11-26 19:28:02,597:INFO:display_container: 2
2020-11-26 19:28:02,598:INFO:DecisionTreeClassifier(ccp_alpha=0.0, class_weight=None, criterion='gini',
                       max_depth=None, max_features=None, max_leaf_nodes=None,
                       min_impurity_decrease=0.0, min_impurity_split=None,
                       min_samples_leaf=1, min_samples_split=2,
                       min_weight_fraction_leaf=0.0, presort='deprecated',
                       random_state=123, splitter='best')
2020-11-26 19:28:02,598:INFO:create_model() succesfully completed......................................
2020-11-26 19:28:02,690:INFO:Initializing create_model()
2020-11-26 19:28:02,690:INFO:create_model(estimator=xgboost, fold=None, round=4, cross_validation=True, predict=True, fit_kwargs=None, groups=None, refit=True, verbose=True, system=True, metrics=None, display=None, kwargs={})
2020-11-26 19:28:02,690:INFO:Checking exceptions
2020-11-26 19:28:02,690:INFO:Preparing display monitor
2020-11-26 19:28:02,712:INFO:Importing libraries
2020-11-26 19:28:02,713:INFO:Copying training dataset
2020-11-26 19:28:02,716:INFO:Defining folds
2020-11-26 19:28:02,717:INFO:Declaring metric variables
2020-11-26 19:28:02,725:INFO:Importing untrained model
2020-11-26 19:28:02,734:INFO:Extreme Gradient Boosting Imported succesfully
2020-11-26 19:28:02,754:INFO:Starting cross validation
2020-11-26 19:28:02,755:INFO:Cross validating with StratifiedKFold(n_splits=10, random_state=123, shuffle=False), n_jobs=-1
